<?xml version="1.0" encoding="UTF-8"?>
<!-- Generated by org.testng.reporters.JUnitReportReporter -->
<testsuite hostname="DESKTOP-3783119" failures="0" tests="1" name="testPackage.LoginTest01" time="1.341" errors="0" timestamp="2021-01-09T19:51:25 EST" skipped="0">
  <testcase classname="testPackage.LoginTest01" name="loginTest" time="1.341"/>
  <system-out/>
</testsuite> <!-- testPackage.LoginTest01 -->
